Sat Jan 19 23:07:32 SGT 2019 : Apache Derby Network Server - 10.10.2.0 - (1582446) started and ready to accept connections on port 1527
----------------------------------------------------------------
Sat Jan 19 23:07:33 SGT 2019:
Booting Derby version The Apache Software Foundation - Apache Derby - 10.10.2.0 - (1582446): instance a816c00e-0168-66a7-163d-ffff983709dd 
on database directory C:\Users\Darryl Yew\OneDrive - Asia Pacific University\Degree Assignment\Distributed Computing\APULibrary\LibraryAPU with class loader sun.misc.Launcher$AppClassLoader@1d44bcfa 
Loaded from file:/C:/Program%20Files/glassfish-4.1/javadb/lib/derby.jar
java.vendor=Oracle Corporation
java.runtime.version=1.8.0_191-b12
user.dir=C:\Program Files\glassfish-4.1\javadb
os.name=Windows 10
os.arch=amd64
os.version=10.0
derby.system.home=C:\Users\Darryl Yew\OneDrive - Asia Pacific University\Degree Assignment\Distributed Computing\APULibrary
Database Class Loader started - derby.database.classpath=''
----------------------------------------------------------------
Sat Jan 19 23:16:31 SGT 2019: Shutting down Derby engine
----------------------------------------------------------------
Sat Jan 19 23:16:31 SGT 2019:
Shutting down instance a816c00e-0168-66a7-163d-ffff983709dd on database directory C:\Users\Darryl Yew\OneDrive - Asia Pacific University\Degree Assignment\Distributed Computing\APULibrary\LibraryAPU with class loader sun.misc.Launcher$AppClassLoader@1d44bcfa 
----------------------------------------------------------------
